[debug] [2026-02-24T17:00:41.309Z] ----------------------------------------------------------------------
[debug] [2026-02-24T17:00:41.313Z] Command:       C:\Program Files\nodejs\node.exe C:\Users\Andee Chong\AppData\Roaming\npm\node_modules\firebase-tools\lib\bin\firebase.js init
[debug] [2026-02-24T17:00:41.314Z] CLI Version:   15.7.0
[debug] [2026-02-24T17:00:41.314Z] Platform:      win32
[debug] [2026-02-24T17:00:41.314Z] Node Version:  v22.17.0
[debug] [2026-02-24T17:00:41.315Z] Time:          Wed Feb 25 2026 01:00:41 GMT+0800 (Malaysia Time)
[debug] [2026-02-24T17:00:41.315Z] ----------------------------------------------------------------------
[debug] 
[info] 
     ######## #### ########  ######## ########     ###     ######  ########
     ##        ##  ##     ## ##       ##     ##  ##   ##  ##       ##
     ######    ##  ########  ######   ########  #########  ######  ######
     ##        ##  ##    ##  ##       ##     ## ##     ##       ## ##
     ##       #### ##     ## ######## ########  ##     ##  ######  ########

You're about to initialize a Firebase project in this directory:

  C:\Users\Andee Chong\Documents\personal_projects\kitahack2026-blind-navigation

Before we get started, keep in mind:

  * You are initializing within an existing Firebase project directory

[info] 
=== Project Setup
[info] 
[info] First, let's associate this project directory with a Firebase project.
[info] You can create multiple project aliases by running firebase use --add, 
[info] 
[info] i  If you want to create a project in a Google Cloud organization or folder, please use "firebase projects:create" instead, and return to this command when you've created the project. 
[debug] [2026-02-24T17:01:01.393Z] > command requires scopes: ["email","openid","https://www.googleapis.com/auth/cloudplatformprojects.readonly","https://www.googleapis.com/auth/firebase","https://www.googleapis.com/auth/cloud-platform"]
[debug] [2026-02-24T17:01:01.394Z] > authorizing via signed-in user (andrewchonghw295@gmail.com)
[debug] [2026-02-24T17:01:15.865Z] ExitPromptError: User force closed the prompt with SIGINT
    at Interface.sigint (C:\Users\Andee Chong\AppData\Roaming\npm\node_modules\firebase-tools\node_modules\@inquirer\core\dist\commonjs\lib\create-prompt.js:101:37)
    at Interface.emit (node:events:518:28)
    at [_ttyWrite] [as _ttyWrite] (node:internal/readline/interface:1132:18)
    at ReadStream.onkeypress (node:internal/readline/interface:271:20)
    at ReadStream.emit (node:events:530:35)
    at emitKeys (node:internal/readline/utils:370:14)
    at emitKeys.next (<anonymous>)
    at ReadStream.onData (node:internal/readline/emitKeypressEvents:64:36)
    at ReadStream.emit (node:events:518:28)
    at addChunk (node:internal/streams/readable:561:12)
[error] 
[error] Error: An unexpected error has occurred.
